2025-04-29 12:12:58,278 [Worker-6: Loading available Gradle versions] INFO  o.e.b.c.i.u.g.PublishedGradleVersions - Gradle version information cache is up-to-date. Trying to read.
2025-04-29 14:46:51,112 [Worker-0: Loading available Gradle versions] INFO  o.e.b.c.i.u.g.PublishedGradleVersions - Gradle version information cache is up-to-date. Trying to read.
2025-04-29 16:44:59,855 [Worker-1: Loading available Gradle versions] INFO  o.e.b.c.i.u.g.PublishedGradleVersions - Gradle version information cache is up-to-date. Trying to read.
2025-04-29 17:31:06,192 [Worker-15: Launching mavenrun-363e05e0-0559-4e1d-bd19-297a6088a1a8] INFO  o.eclipse.m2e.core.internal.Bundles - getClasspathEntries(Bundle=org.eclipse.m2e.maven.runtime_3.9.600.20231203-1234 [815])
2025-04-29 17:31:06,299 [Worker-15: Launching mavenrun-363e05e0-0559-4e1d-bd19-297a6088a1a8] INFO  o.eclipse.m2e.core.internal.Bundles - 	Entry: C:\Users\prerna\.p2\pool\plugins\org.eclipse.m2e.maven.runtime_3.9.600.20231203-1234
2025-04-29 17:31:06,300 [Worker-15: Launching mavenrun-363e05e0-0559-4e1d-bd19-297a6088a1a8] INFO  o.eclipse.m2e.core.internal.Bundles - 	Entry: C:\Users\prerna\.p2\pool\plugins\org.eclipse.m2e.maven.runtime_3.9.600.20231203-1234\jars\aopalliance-1.0.jar
2025-04-29 17:31:06,301 [Worker-15: Launching mavenrun-363e05e0-0559-4e1d-bd19-297a6088a1a8] INFO  o.eclipse.m2e.core.internal.Bundles - 	Entry: C:\Users\prerna\.p2\pool\plugins\org.eclipse.m2e.maven.runtime_3.9.600.20231203-1234\jars\guice-5.1.0.jar
2025-04-29 17:31:06,302 [Worker-15: Launching mavenrun-363e05e0-0559-4e1d-bd19-297a6088a1a8] INFO  o.eclipse.m2e.core.internal.Bundles - 	Entry: C:\Users\prerna\.p2\pool\plugins\org.eclipse.m2e.maven.runtime_3.9.600.20231203-1234\jars\httpclient-4.5.14.jar
2025-04-29 17:31:06,302 [Worker-15: Launching mavenrun-363e05e0-0559-4e1d-bd19-297a6088a1a8] INFO  o.eclipse.m2e.core.internal.Bundles - 	Entry: C:\Users\prerna\.p2\pool\plugins\org.eclipse.m2e.maven.runtime_3.9.600.20231203-1234\jars\httpcore-4.4.16.jar
2025-04-29 17:31:06,303 [Worker-15: Launching mavenrun-363e05e0-0559-4e1d-bd19-297a6088a1a8] INFO  o.eclipse.m2e.core.internal.Bundles - 	Entry: C:\Users\prerna\.p2\pool\plugins\org.eclipse.m2e.maven.runtime_3.9.600.20231203-1234\jars\jansi-2.4.0.jar
2025-04-29 17:31:06,304 [Worker-15: Launching mavenrun-363e05e0-0559-4e1d-bd19-297a6088a1a8] INFO  o.eclipse.m2e.core.internal.Bundles - 	Entry: C:\Users\prerna\.p2\pool\plugins\org.eclipse.m2e.maven.runtime_3.9.600.20231203-1234\jars\jcl-over-slf4j-1.7.36.jar
2025-04-29 17:31:06,304 [Worker-15: Launching mavenrun-363e05e0-0559-4e1d-bd19-297a6088a1a8] INFO  o.eclipse.m2e.core.internal.Bundles - 	Entry: C:\Users\prerna\.p2\pool\plugins\org.eclipse.m2e.maven.runtime_3.9.600.20231203-1234\jars\maven-artifact-3.9.6.jar
2025-04-29 17:31:06,305 [Worker-15: Launching mavenrun-363e05e0-0559-4e1d-bd19-297a6088a1a8] INFO  o.eclipse.m2e.core.internal.Bundles - 	Entry: C:\Users\prerna\.p2\pool\plugins\org.eclipse.m2e.maven.runtime_3.9.600.20231203-1234\jars\maven-builder-support-3.9.6.jar
2025-04-29 17:31:06,306 [Worker-15: Launching mavenrun-363e05e0-0559-4e1d-bd19-297a6088a1a8] INFO  o.eclipse.m2e.core.internal.Bundles - 	Entry: C:\Users\prerna\.p2\pool\plugins\org.eclipse.m2e.maven.runtime_3.9.600.20231203-1234\jars\maven-compat-3.9.6.jar
2025-04-29 17:31:06,307 [Worker-15: Launching mavenrun-363e05e0-0559-4e1d-bd19-297a6088a1a8] INFO  o.eclipse.m2e.core.internal.Bundles - 	Entry: C:\Users\prerna\.p2\pool\plugins\org.eclipse.m2e.maven.runtime_3.9.600.20231203-1234\jars\maven-core-3.9.6.jar
2025-04-29 17:31:06,308 [Worker-15: Launching mavenrun-363e05e0-0559-4e1d-bd19-297a6088a1a8] INFO  o.eclipse.m2e.core.internal.Bundles - 	Entry: C:\Users\prerna\.p2\pool\plugins\org.eclipse.m2e.maven.runtime_3.9.600.20231203-1234\jars\maven-embedder-3.9.6.jar
2025-04-29 17:31:06,308 [Worker-15: Launching mavenrun-363e05e0-0559-4e1d-bd19-297a6088a1a8] INFO  o.eclipse.m2e.core.internal.Bundles - 	Entry: C:\Users\prerna\.p2\pool\plugins\org.eclipse.m2e.maven.runtime_3.9.600.20231203-1234\jars\maven-model-3.9.6.jar
2025-04-29 17:31:06,309 [Worker-15: Launching mavenrun-363e05e0-0559-4e1d-bd19-297a6088a1a8] INFO  o.eclipse.m2e.core.internal.Bundles - 	Entry: C:\Users\prerna\.p2\pool\plugins\org.eclipse.m2e.maven.runtime_3.9.600.20231203-1234\jars\maven-model-builder-3.9.6.jar
2025-04-29 17:31:06,310 [Worker-15: Launching mavenrun-363e05e0-0559-4e1d-bd19-297a6088a1a8] INFO  o.eclipse.m2e.core.internal.Bundles - 	Entry: C:\Users\prerna\.p2\pool\plugins\org.eclipse.m2e.maven.runtime_3.9.600.20231203-1234\jars\maven-plugin-api-3.9.6.jar
2025-04-29 17:31:06,311 [Worker-15: Launching mavenrun-363e05e0-0559-4e1d-bd19-297a6088a1a8] INFO  o.eclipse.m2e.core.internal.Bundles - 	Entry: C:\Users\prerna\.p2\pool\plugins\org.eclipse.m2e.maven.runtime_3.9.600.20231203-1234\jars\maven-repository-metadata-3.9.6.jar
2025-04-29 17:31:06,311 [Worker-15: Launching mavenrun-363e05e0-0559-4e1d-bd19-297a6088a1a8] INFO  o.eclipse.m2e.core.internal.Bundles - 	Entry: C:\Users\prerna\.p2\pool\plugins\org.eclipse.m2e.maven.runtime_3.9.600.20231203-1234\jars\maven-resolver-api-1.9.18.jar
2025-04-29 17:31:06,315 [Worker-15: Launching mavenrun-363e05e0-0559-4e1d-bd19-297a6088a1a8] INFO  o.eclipse.m2e.core.internal.Bundles - 	Entry: C:\Users\prerna\.p2\pool\plugins\org.eclipse.m2e.maven.runtime_3.9.600.20231203-1234\jars\maven-resolver-connector-basic-1.9.18.jar
2025-04-29 17:31:06,316 [Worker-15: Launching mavenrun-363e05e0-0559-4e1d-bd19-297a6088a1a8] INFO  o.eclipse.m2e.core.internal.Bundles - 	Entry: C:\Users\prerna\.p2\pool\plugins\org.eclipse.m2e.maven.runtime_3.9.600.20231203-1234\jars\maven-resolver-impl-1.9.18.jar
2025-04-29 17:31:06,317 [Worker-15: Launching mavenrun-363e05e0-0559-4e1d-bd19-297a6088a1a8] INFO  o.eclipse.m2e.core.internal.Bundles - 	Entry: C:\Users\prerna\.p2\pool\plugins\org.eclipse.m2e.maven.runtime_3.9.600.20231203-1234\jars\maven-resolver-named-locks-1.9.18.jar
2025-04-29 17:31:06,318 [Worker-15: Launching mavenrun-363e05e0-0559-4e1d-bd19-297a6088a1a8] INFO  o.eclipse.m2e.core.internal.Bundles - 	Entry: C:\Users\prerna\.p2\pool\plugins\org.eclipse.m2e.maven.runtime_3.9.600.20231203-1234\jars\maven-resolver-provider-3.9.6.jar
2025-04-29 17:31:06,320 [Worker-15: Launching mavenrun-363e05e0-0559-4e1d-bd19-297a6088a1a8] INFO  o.eclipse.m2e.core.internal.Bundles - 	Entry: C:\Users\prerna\.p2\pool\plugins\org.eclipse.m2e.maven.runtime_3.9.600.20231203-1234\jars\maven-resolver-spi-1.9.18.jar
2025-04-29 17:31:06,321 [Worker-15: Launching mavenrun-363e05e0-0559-4e1d-bd19-297a6088a1a8] INFO  o.eclipse.m2e.core.internal.Bundles - 	Entry: C:\Users\prerna\.p2\pool\plugins\org.eclipse.m2e.maven.runtime_3.9.600.20231203-1234\jars\maven-resolver-transport-file-1.9.18.jar
2025-04-29 17:31:06,322 [Worker-15: Launching mavenrun-363e05e0-0559-4e1d-bd19-297a6088a1a8] INFO  o.eclipse.m2e.core.internal.Bundles - 	Entry: C:\Users\prerna\.p2\pool\plugins\org.eclipse.m2e.maven.runtime_3.9.600.20231203-1234\jars\maven-resolver-transport-http-1.9.18.jar
2025-04-29 17:31:06,322 [Worker-15: Launching mavenrun-363e05e0-0559-4e1d-bd19-297a6088a1a8] INFO  o.eclipse.m2e.core.internal.Bundles - 	Entry: C:\Users\prerna\.p2\pool\plugins\org.eclipse.m2e.maven.runtime_3.9.600.20231203-1234\jars\maven-resolver-transport-wagon-1.9.18.jar
2025-04-29 17:31:06,323 [Worker-15: Launching mavenrun-363e05e0-0559-4e1d-bd19-297a6088a1a8] INFO  o.eclipse.m2e.core.internal.Bundles - 	Entry: C:\Users\prerna\.p2\pool\plugins\org.eclipse.m2e.maven.runtime_3.9.600.20231203-1234\jars\maven-resolver-util-1.9.18.jar
2025-04-29 17:31:06,324 [Worker-15: Launching mavenrun-363e05e0-0559-4e1d-bd19-297a6088a1a8] INFO  o.eclipse.m2e.core.internal.Bundles - 	Entry: C:\Users\prerna\.p2\pool\plugins\org.eclipse.m2e.maven.runtime_3.9.600.20231203-1234\jars\maven-settings-3.9.6.jar
2025-04-29 17:31:06,324 [Worker-15: Launching mavenrun-363e05e0-0559-4e1d-bd19-297a6088a1a8] INFO  o.eclipse.m2e.core.internal.Bundles - 	Entry: C:\Users\prerna\.p2\pool\plugins\org.eclipse.m2e.maven.runtime_3.9.600.20231203-1234\jars\maven-settings-builder-3.9.6.jar
2025-04-29 17:31:06,325 [Worker-15: Launching mavenrun-363e05e0-0559-4e1d-bd19-297a6088a1a8] INFO  o.eclipse.m2e.core.internal.Bundles - 	Entry: C:\Users\prerna\.p2\pool\plugins\org.eclipse.m2e.maven.runtime_3.9.600.20231203-1234\jars\maven-shared-utils-3.3.4.jar
2025-04-29 17:31:06,326 [Worker-15: Launching mavenrun-363e05e0-0559-4e1d-bd19-297a6088a1a8] INFO  o.eclipse.m2e.core.internal.Bundles - 	Entry: C:\Users\prerna\.p2\pool\plugins\org.eclipse.m2e.maven.runtime_3.9.600.20231203-1234\jars\org.eclipse.sisu.inject-0.9.0.M2.jar
2025-04-29 17:31:06,327 [Worker-15: Launching mavenrun-363e05e0-0559-4e1d-bd19-297a6088a1a8] INFO  o.eclipse.m2e.core.internal.Bundles - 	Entry: C:\Users\prerna\.p2\pool\plugins\org.eclipse.m2e.maven.runtime_3.9.600.20231203-1234\jars\org.eclipse.sisu.plexus-0.9.0.M2.jar
2025-04-29 17:31:06,329 [Worker-15: Launching mavenrun-363e05e0-0559-4e1d-bd19-297a6088a1a8] INFO  o.eclipse.m2e.core.internal.Bundles - 	Entry: C:\Users\prerna\.p2\pool\plugins\org.eclipse.m2e.maven.runtime_3.9.600.20231203-1234\jars\plexus-build-api-0.0.7.jar
2025-04-29 17:31:06,330 [Worker-15: Launching mavenrun-363e05e0-0559-4e1d-bd19-297a6088a1a8] INFO  o.eclipse.m2e.core.internal.Bundles - 	Entry: C:\Users\prerna\.p2\pool\plugins\org.eclipse.m2e.maven.runtime_3.9.600.20231203-1234\jars\plexus-cipher-2.0.jar
2025-04-29 17:31:06,331 [Worker-15: Launching mavenrun-363e05e0-0559-4e1d-bd19-297a6088a1a8] INFO  o.eclipse.m2e.core.internal.Bundles - 	Entry: C:\Users\prerna\.p2\pool\plugins\org.eclipse.m2e.maven.runtime_3.9.600.20231203-1234\jars\plexus-classworlds-2.7.0.jar
2025-04-29 17:31:06,333 [Worker-15: Launching mavenrun-363e05e0-0559-4e1d-bd19-297a6088a1a8] INFO  o.eclipse.m2e.core.internal.Bundles - 	Entry: C:\Users\prerna\.p2\pool\plugins\org.eclipse.m2e.maven.runtime_3.9.600.20231203-1234\jars\plexus-component-annotations-2.1.0.jar
2025-04-29 17:31:06,336 [Worker-15: Launching mavenrun-363e05e0-0559-4e1d-bd19-297a6088a1a8] INFO  o.eclipse.m2e.core.internal.Bundles - 	Entry: C:\Users\prerna\.p2\pool\plugins\org.eclipse.m2e.maven.runtime_3.9.600.20231203-1234\jars\plexus-interpolation-1.26.jar
2025-04-29 17:31:06,337 [Worker-15: Launching mavenrun-363e05e0-0559-4e1d-bd19-297a6088a1a8] INFO  o.eclipse.m2e.core.internal.Bundles - 	Entry: C:\Users\prerna\.p2\pool\plugins\org.eclipse.m2e.maven.runtime_3.9.600.20231203-1234\jars\plexus-sec-dispatcher-2.0.jar
2025-04-29 17:31:06,337 [Worker-15: Launching mavenrun-363e05e0-0559-4e1d-bd19-297a6088a1a8] INFO  o.eclipse.m2e.core.internal.Bundles - 	Entry: C:\Users\prerna\.p2\pool\plugins\org.eclipse.m2e.maven.runtime_3.9.600.20231203-1234\jars\plexus-utils-3.5.1.jar
2025-04-29 17:31:06,338 [Worker-15: Launching mavenrun-363e05e0-0559-4e1d-bd19-297a6088a1a8] INFO  o.eclipse.m2e.core.internal.Bundles - 	Entry: C:\Users\prerna\.p2\pool\plugins\org.eclipse.m2e.maven.runtime_3.9.600.20231203-1234\jars\wagon-file-3.5.3.jar
2025-04-29 17:31:06,339 [Worker-15: Launching mavenrun-363e05e0-0559-4e1d-bd19-297a6088a1a8] INFO  o.eclipse.m2e.core.internal.Bundles - 	Entry: C:\Users\prerna\.p2\pool\plugins\org.eclipse.m2e.maven.runtime_3.9.600.20231203-1234\jars\wagon-http-3.5.3.jar
2025-04-29 17:31:06,342 [Worker-15: Launching mavenrun-363e05e0-0559-4e1d-bd19-297a6088a1a8] INFO  o.eclipse.m2e.core.internal.Bundles - 	Entry: C:\Users\prerna\.p2\pool\plugins\org.eclipse.m2e.maven.runtime_3.9.600.20231203-1234\jars\wagon-http-shared-3.5.3.jar
2025-04-29 17:31:06,344 [Worker-15: Launching mavenrun-363e05e0-0559-4e1d-bd19-297a6088a1a8] INFO  o.eclipse.m2e.core.internal.Bundles - 	Entry: C:\Users\prerna\.p2\pool\plugins\org.eclipse.m2e.maven.runtime_3.9.600.20231203-1234\jars\wagon-provider-api-3.5.3.jar
2025-04-29 17:31:06,347 [Worker-15: Launching mavenrun-363e05e0-0559-4e1d-bd19-297a6088a1a8] INFO  o.eclipse.m2e.core.internal.Bundles - getClasspathEntries(Bundle=com.google.guava_33.0.0.jre [528])
2025-04-29 17:31:06,348 [Worker-15: Launching mavenrun-363e05e0-0559-4e1d-bd19-297a6088a1a8] INFO  o.eclipse.m2e.core.internal.Bundles - 	Entry: C:\Users\prerna\.p2\pool\plugins\com.google.guava_33.0.0.jre.jar
2025-04-29 17:31:06,349 [Worker-15: Launching mavenrun-363e05e0-0559-4e1d-bd19-297a6088a1a8] INFO  o.eclipse.m2e.core.internal.Bundles - getClasspathEntries(Bundle=slf4j.api_2.0.16 [1036])
2025-04-29 17:31:06,350 [Worker-15: Launching mavenrun-363e05e0-0559-4e1d-bd19-297a6088a1a8] INFO  o.eclipse.m2e.core.internal.Bundles - 	Entry: C:\Users\prerna\.p2\pool\plugins\slf4j.api_2.0.16.jar
2025-04-29 17:31:06,414 [Worker-15: Launching mavenrun-363e05e0-0559-4e1d-bd19-297a6088a1a8] INFO  o.eclipse.m2e.core.internal.Bundles - getClasspathEntries(Bundle=jakarta.inject.jakarta.inject-api_1.0.5 [540])
2025-04-29 17:31:06,418 [Worker-15: Launching mavenrun-363e05e0-0559-4e1d-bd19-297a6088a1a8] INFO  o.eclipse.m2e.core.internal.Bundles - 	Entry: C:\Users\prerna\.p2\pool\plugins\jakarta.inject.jakarta.inject-api_1.0.5.jar
2025-04-29 17:31:06,420 [Worker-15: Launching mavenrun-363e05e0-0559-4e1d-bd19-297a6088a1a8] INFO  o.eclipse.m2e.core.internal.Bundles - getClasspathEntries(Bundle=jakarta.annotation-api_1.3.5 [538])
2025-04-29 17:31:06,421 [Worker-15: Launching mavenrun-363e05e0-0559-4e1d-bd19-297a6088a1a8] INFO  o.eclipse.m2e.core.internal.Bundles - 	Entry: C:\Users\prerna\.p2\pool\plugins\jakarta.annotation-api_1.3.5.jar
2025-04-29 17:31:06,421 [Worker-15: Launching mavenrun-363e05e0-0559-4e1d-bd19-297a6088a1a8] INFO  o.eclipse.m2e.core.internal.Bundles - getClasspathEntries(Bundle=org.apache.commons.cli_1.6.0 [564])
2025-04-29 17:31:06,427 [Worker-15: Launching mavenrun-363e05e0-0559-4e1d-bd19-297a6088a1a8] INFO  o.eclipse.m2e.core.internal.Bundles - 	Entry: C:\Users\prerna\.p2\pool\plugins\org.apache.commons.cli_1.6.0.jar
2025-04-29 17:31:06,427 [Worker-15: Launching mavenrun-363e05e0-0559-4e1d-bd19-297a6088a1a8] INFO  o.eclipse.m2e.core.internal.Bundles - getClasspathEntries(Bundle=org.apache.commons.commons-codec_1.16.0 [565])
2025-04-29 17:31:06,428 [Worker-15: Launching mavenrun-363e05e0-0559-4e1d-bd19-297a6088a1a8] INFO  o.eclipse.m2e.core.internal.Bundles - 	Entry: C:\Users\prerna\.p2\pool\plugins\org.apache.commons.commons-codec_1.16.0.jar
2025-04-29 17:31:06,429 [Worker-15: Launching mavenrun-363e05e0-0559-4e1d-bd19-297a6088a1a8] INFO  o.eclipse.m2e.core.internal.Bundles - getClasspathEntries(Bundle=org.apache.commons.lang3_3.14.0 [571])
2025-04-29 17:31:06,431 [Worker-15: Launching mavenrun-363e05e0-0559-4e1d-bd19-297a6088a1a8] INFO  o.eclipse.m2e.core.internal.Bundles - 	Entry: C:\Users\prerna\.p2\pool\plugins\org.apache.commons.lang3_3.14.0.jar
2025-04-29 17:31:06,431 [Worker-15: Launching mavenrun-363e05e0-0559-4e1d-bd19-297a6088a1a8] INFO  o.eclipse.m2e.core.internal.Bundles - getClasspathEntries(Bundle=com.google.guava.failureaccess_1.0.2 [529])
2025-04-29 17:31:06,432 [Worker-15: Launching mavenrun-363e05e0-0559-4e1d-bd19-297a6088a1a8] INFO  o.eclipse.m2e.core.internal.Bundles - 	Entry: C:\Users\prerna\.p2\pool\plugins\com.google.guava.failureaccess_1.0.2.jar
2025-04-29 17:31:06,443 [Worker-15: Launching mavenrun-363e05e0-0559-4e1d-bd19-297a6088a1a8] INFO  o.e.m.i.launch.MavenLaunchDelegate - Run build in "C:\Users\prerna\AppData\Local\Temp\m2e-archetypeGenerator16583116256887866563":
2025-04-29 17:31:06,458 [Worker-15: Launching mavenrun-363e05e0-0559-4e1d-bd19-297a6088a1a8] INFO  o.e.m.i.launch.MavenLaunchDelegate -  mvn  -DarchetypeGroupId=org.apache.maven.archetypes -DarchetypeArtifactId=maven-archetype-quickstart -DarchetypeVersion=1.1 -DgroupId=in.smartProgramming -DartifactId=MavenFirstProgram -Dversion=0.0.1-SNAPSHOT -Dpackage=in.sp.main -DoutputDirectory=C:\SpringProg -Dstyle.color=always -U archetype:generate
2025-04-29 17:35:06,392 [Worker-18: Creating maven-archetype-quickstart] INFO  o.e.m.c.i.p.ProjectConfigurationManager - Collecting project info '/pom.xml' C:\SpringProg\MavenFirstProgram\pom.xml
2025-04-29 17:35:08,815 [Worker-18: Creating maven-archetype-quickstart] INFO  o.e.m.c.i.l.LifecycleMappingFactory - Using org.eclipse.m2e.jdt.JarLifecycleMapping lifecycle mapping for MavenProject: in.smartProgramming:MavenFirstProgram:0.0.1-SNAPSHOT @ C:\SpringProg\MavenFirstProgram\pom.xml.
2025-04-29 17:35:13,802 [Worker-18: Creating maven-archetype-quickstart] INFO  o.e.m.j.i.AbstractJavaProjectConfigurator - Adding source folder /MavenFirstProgram/src/main/java
2025-04-29 17:35:13,808 [Worker-18: Creating maven-archetype-quickstart] INFO  o.e.m.j.i.AbstractJavaProjectConfigurator - Adding resource folder /MavenFirstProgram/src/main/resources
2025-04-29 17:35:13,850 [Worker-18: Creating maven-archetype-quickstart] INFO  o.e.m.j.i.AbstractJavaProjectConfigurator - Adding source folder /MavenFirstProgram/src/test/java
2025-04-29 17:35:13,853 [Worker-18: Creating maven-archetype-quickstart] INFO  o.e.m.j.i.AbstractJavaProjectConfigurator - Adding resource folder /MavenFirstProgram/src/test/resources
2025-04-29 17:35:15,110 [Worker-18: Creating maven-archetype-quickstart] INFO  o.e.m.c.i.p.ProjectConfigurationManager - Imported and configured 1 project(s) in 8 sec
2025-04-29 17:35:20,736 [Worker-23: Building] INFO  o.a.m.s.f.DefaultMavenResourcesFiltering - skip non existing resourceDirectory C:\SpringProg\MavenFirstProgram\src\main\resources
2025-04-29 17:35:20,757 [Worker-23: Building] INFO  o.a.m.s.f.DefaultMavenResourcesFiltering - skip non existing resourceDirectory C:\SpringProg\MavenFirstProgram\src\test\resources
2025-04-29 17:38:16,610 [Worker-15: Building] INFO  o.a.m.s.f.DefaultMavenResourcesFiltering - skip non existing resourceDirectory C:\SpringProg\MavenFirstProgram\src\main\resources
2025-04-29 17:38:16,620 [Worker-15: Building] INFO  o.a.m.s.f.DefaultMavenResourcesFiltering - skip non existing resourceDirectory C:\SpringProg\MavenFirstProgram\src\test\resources
2025-04-29 17:40:40,567 [Worker-26: Building] INFO  o.a.m.s.f.DefaultMavenResourcesFiltering - skip non existing resourceDirectory C:\SpringProg\MavenFirstProgram\src\main\resources
2025-04-29 17:40:40,575 [Worker-26: Building] INFO  o.a.m.s.f.DefaultMavenResourcesFiltering - skip non existing resourceDirectory C:\SpringProg\MavenFirstProgram\src\test\resources
2025-04-29 17:49:24,910 [Worker-29: Building] INFO  o.e.m.c.i.l.LifecycleMappingFactory - Using org.eclipse.m2e.jdt.JarLifecycleMapping lifecycle mapping for MavenProject: in.smartProgramming:MavenFirstProgram:0.0.1-SNAPSHOT @ C:\SpringProg\MavenFirstProgram\pom.xml.
2025-04-29 17:49:25,386 [Worker-29: Building] INFO  o.e.m.c.i.e.AbstractTransferListenerAdapter - Downloading https://repo.maven.apache.org/maven2/org/springframework/spring-context/6.2.3/spring-context-6.2.3.pom
2025-04-29 17:49:25,415 [Worker-29: Building] INFO  o.e.m.c.i.e.AbstractTransferListenerAdapter - Downloaded https://repo.maven.apache.org/maven2/org/springframework/spring-context/6.2.3/spring-context-6.2.3.pom
2025-04-29 17:49:25,490 [Worker-29: Building] INFO  o.e.m.c.i.e.AbstractTransferListenerAdapter - Downloading https://repo.maven.apache.org/maven2/org/springframework/spring-aop/6.2.3/spring-aop-6.2.3.pom
2025-04-29 17:49:25,532 [Worker-29: Building] INFO  o.e.m.c.i.e.AbstractTransferListenerAdapter - Downloaded https://repo.maven.apache.org/maven2/org/springframework/spring-aop/6.2.3/spring-aop-6.2.3.pom
2025-04-29 17:49:25,606 [Worker-29: Building] INFO  o.e.m.c.i.e.AbstractTransferListenerAdapter - Downloading https://repo.maven.apache.org/maven2/org/springframework/spring-beans/6.2.3/spring-beans-6.2.3.pom
2025-04-29 17:49:25,620 [Worker-29: Building] INFO  o.e.m.c.i.e.AbstractTransferListenerAdapter - Downloaded https://repo.maven.apache.org/maven2/org/springframework/spring-beans/6.2.3/spring-beans-6.2.3.pom
2025-04-29 17:49:25,684 [Worker-29: Building] INFO  o.e.m.c.i.e.AbstractTransferListenerAdapter - Downloading https://repo.maven.apache.org/maven2/org/springframework/spring-core/6.2.3/spring-core-6.2.3.pom
2025-04-29 17:49:25,697 [Worker-29: Building] INFO  o.e.m.c.i.e.AbstractTransferListenerAdapter - Downloaded https://repo.maven.apache.org/maven2/org/springframework/spring-core/6.2.3/spring-core-6.2.3.pom
2025-04-29 17:49:25,794 [Worker-29: Building] INFO  o.e.m.c.i.e.AbstractTransferListenerAdapter - Downloading https://repo.maven.apache.org/maven2/org/springframework/spring-jcl/6.2.3/spring-jcl-6.2.3.pom
2025-04-29 17:49:25,807 [Worker-29: Building] INFO  o.e.m.c.i.e.AbstractTransferListenerAdapter - Downloaded https://repo.maven.apache.org/maven2/org/springframework/spring-jcl/6.2.3/spring-jcl-6.2.3.pom
2025-04-29 17:49:25,873 [Worker-29: Building] INFO  o.e.m.c.i.e.AbstractTransferListenerAdapter - Downloading https://repo.maven.apache.org/maven2/org/springframework/spring-expression/6.2.3/spring-expression-6.2.3.pom
2025-04-29 17:49:25,888 [Worker-29: Building] INFO  o.e.m.c.i.e.AbstractTransferListenerAdapter - Downloaded https://repo.maven.apache.org/maven2/org/springframework/spring-expression/6.2.3/spring-expression-6.2.3.pom
2025-04-29 17:49:25,950 [Worker-29: Building] INFO  o.e.m.c.i.e.AbstractTransferListenerAdapter - Downloading https://repo.maven.apache.org/maven2/io/micrometer/micrometer-observation/1.14.4/micrometer-observation-1.14.4.pom
2025-04-29 17:49:25,975 [Worker-29: Building] INFO  o.e.m.c.i.e.AbstractTransferListenerAdapter - Downloaded https://repo.maven.apache.org/maven2/io/micrometer/micrometer-observation/1.14.4/micrometer-observation-1.14.4.pom
2025-04-29 17:49:26,058 [Worker-29: Building] INFO  o.e.m.c.i.e.AbstractTransferListenerAdapter - Downloading https://repo.maven.apache.org/maven2/io/micrometer/micrometer-commons/1.14.4/micrometer-commons-1.14.4.pom
2025-04-29 17:49:26,075 [Worker-29: Building] INFO  o.e.m.c.i.e.AbstractTransferListenerAdapter - Downloaded https://repo.maven.apache.org/maven2/io/micrometer/micrometer-commons/1.14.4/micrometer-commons-1.14.4.pom
2025-04-29 17:49:26,167 [Worker-29: Building] INFO  o.e.m.c.i.e.AbstractTransferListenerAdapter - Downloading https://repo.maven.apache.org/maven2/org/springframework/spring-context/6.2.3/spring-context-6.2.3.jar
2025-04-29 17:49:26,483 [Worker-29: Building] INFO  o.e.m.c.i.e.AbstractTransferListenerAdapter - Downloaded https://repo.maven.apache.org/maven2/org/springframework/spring-context/6.2.3/spring-context-6.2.3.jar
2025-04-29 17:49:26,544 [BasicRepositoryConnector-repo.maven.apache.org-0-0] INFO  o.e.m.c.i.e.AbstractTransferListenerAdapter - Downloading https://repo.maven.apache.org/maven2/org/springframework/spring-aop/6.2.3/spring-aop-6.2.3.jar
2025-04-29 17:49:26,621 [BasicRepositoryConnector-repo.maven.apache.org-0-0] INFO  o.e.m.c.i.e.AbstractTransferListenerAdapter - Downloaded https://repo.maven.apache.org/maven2/org/springframework/spring-aop/6.2.3/spring-aop-6.2.3.jar
2025-04-29 17:49:26,691 [BasicRepositoryConnector-repo.maven.apache.org-0-1] INFO  o.e.m.c.i.e.AbstractTransferListenerAdapter - Downloading https://repo.maven.apache.org/maven2/org/springframework/spring-beans/6.2.3/spring-beans-6.2.3.jar
2025-04-29 17:49:26,705 [BasicRepositoryConnector-repo.maven.apache.org-0-0] INFO  o.e.m.c.i.e.AbstractTransferListenerAdapter - Downloading https://repo.maven.apache.org/maven2/io/micrometer/micrometer-observation/1.14.4/micrometer-observation-1.14.4.jar
2025-04-29 17:49:26,713 [BasicRepositoryConnector-repo.maven.apache.org-0-3] INFO  o.e.m.c.i.e.AbstractTransferListenerAdapter - Downloading https://repo.maven.apache.org/maven2/org/springframework/spring-jcl/6.2.3/spring-jcl-6.2.3.jar
2025-04-29 17:49:26,762 [BasicRepositoryConnector-repo.maven.apache.org-0-2] INFO  o.e.m.c.i.e.AbstractTransferListenerAdapter - Downloading https://repo.maven.apache.org/maven2/org/springframework/spring-core/6.2.3/spring-core-6.2.3.jar
2025-04-29 17:49:26,774 [BasicRepositoryConnector-repo.maven.apache.org-0-4] INFO  o.e.m.c.i.e.AbstractTransferListenerAdapter - Downloading https://repo.maven.apache.org/maven2/org/springframework/spring-expression/6.2.3/spring-expression-6.2.3.jar
2025-04-29 17:49:26,801 [BasicRepositoryConnector-repo.maven.apache.org-0-3] INFO  o.e.m.c.i.e.AbstractTransferListenerAdapter - Downloaded https://repo.maven.apache.org/maven2/org/springframework/spring-jcl/6.2.3/spring-jcl-6.2.3.jar
2025-04-29 17:49:26,870 [BasicRepositoryConnector-repo.maven.apache.org-0-3] INFO  o.e.m.c.i.e.AbstractTransferListenerAdapter - Downloading https://repo.maven.apache.org/maven2/io/micrometer/micrometer-commons/1.14.4/micrometer-commons-1.14.4.jar
2025-04-29 17:49:26,917 [BasicRepositoryConnector-repo.maven.apache.org-0-3] INFO  o.e.m.c.i.e.AbstractTransferListenerAdapter - Downloaded https://repo.maven.apache.org/maven2/io/micrometer/micrometer-commons/1.14.4/micrometer-commons-1.14.4.jar
2025-04-29 17:49:27,294 [BasicRepositoryConnector-repo.maven.apache.org-0-0] INFO  o.e.m.c.i.e.AbstractTransferListenerAdapter - Downloaded https://repo.maven.apache.org/maven2/io/micrometer/micrometer-observation/1.14.4/micrometer-observation-1.14.4.jar
2025-04-29 17:49:27,471 [BasicRepositoryConnector-repo.maven.apache.org-0-4] INFO  o.e.m.c.i.e.AbstractTransferListenerAdapter - Downloaded https://repo.maven.apache.org/maven2/org/springframework/spring-expression/6.2.3/spring-expression-6.2.3.jar
2025-04-29 17:49:27,548 [BasicRepositoryConnector-repo.maven.apache.org-0-1] INFO  o.e.m.c.i.e.AbstractTransferListenerAdapter - Downloaded https://repo.maven.apache.org/maven2/org/springframework/spring-beans/6.2.3/spring-beans-6.2.3.jar
2025-04-29 17:49:27,570 [BasicRepositoryConnector-repo.maven.apache.org-0-2] INFO  o.e.m.c.i.e.AbstractTransferListenerAdapter - Downloaded https://repo.maven.apache.org/maven2/org/springframework/spring-core/6.2.3/spring-core-6.2.3.jar
2025-04-29 17:49:29,667 [Worker-29: Building] INFO  o.a.m.s.f.DefaultMavenResourcesFiltering - skip non existing resourceDirectory C:\SpringProg\MavenFirstProgram\src\main\resources
2025-04-29 17:49:29,677 [Worker-29: Building] INFO  o.a.m.s.f.DefaultMavenResourcesFiltering - skip non existing resourceDirectory C:\SpringProg\MavenFirstProgram\src\test\resources
2025-04-29 17:49:30,120 [Worker-25: Download sources and javadoc] INFO  o.e.m.c.i.e.AbstractTransferListenerAdapter - Downloading https://repo.maven.apache.org/maven2/org/springframework/spring-context/6.2.3/spring-context-6.2.3-sources.jar
2025-04-29 17:49:30,706 [Worker-25: Download sources and javadoc] INFO  o.e.m.c.i.e.AbstractTransferListenerAdapter - Downloaded https://repo.maven.apache.org/maven2/org/springframework/spring-context/6.2.3/spring-context-6.2.3-sources.jar
2025-04-29 17:49:30,716 [Worker-25: Download sources and javadoc] INFO  o.e.m.j.internal.DownloadSourcesJob - Downloaded sources for org.springframework:spring-context:6.2.3
2025-04-29 17:49:30,942 [Worker-25: Download sources and javadoc] INFO  o.e.m.c.i.e.AbstractTransferListenerAdapter - Downloading https://repo.maven.apache.org/maven2/org/springframework/spring-aop/6.2.3/spring-aop-6.2.3-sources.jar
2025-04-29 17:49:31,211 [Worker-25: Download sources and javadoc] INFO  o.e.m.c.i.e.AbstractTransferListenerAdapter - Downloaded https://repo.maven.apache.org/maven2/org/springframework/spring-aop/6.2.3/spring-aop-6.2.3-sources.jar
2025-04-29 17:49:31,222 [Worker-25: Download sources and javadoc] INFO  o.e.m.j.internal.DownloadSourcesJob - Downloaded sources for org.springframework:spring-aop:6.2.3
2025-04-29 17:49:31,495 [Worker-25: Download sources and javadoc] INFO  o.e.m.c.i.e.AbstractTransferListenerAdapter - Downloading https://repo.maven.apache.org/maven2/org/springframework/spring-beans/6.2.3/spring-beans-6.2.3-sources.jar
2025-04-29 17:49:31,765 [Worker-25: Download sources and javadoc] INFO  o.e.m.c.i.e.AbstractTransferListenerAdapter - Downloaded https://repo.maven.apache.org/maven2/org/springframework/spring-beans/6.2.3/spring-beans-6.2.3-sources.jar
2025-04-29 17:49:31,777 [Worker-25: Download sources and javadoc] INFO  o.e.m.j.internal.DownloadSourcesJob - Downloaded sources for org.springframework:spring-beans:6.2.3
2025-04-29 17:49:31,983 [Worker-25: Download sources and javadoc] INFO  o.e.m.c.i.e.AbstractTransferListenerAdapter - Downloading https://repo.maven.apache.org/maven2/org/springframework/spring-core/6.2.3/spring-core-6.2.3-sources.jar
2025-04-29 17:49:32,469 [Worker-25: Download sources and javadoc] INFO  o.e.m.c.i.e.AbstractTransferListenerAdapter - Downloaded https://repo.maven.apache.org/maven2/org/springframework/spring-core/6.2.3/spring-core-6.2.3-sources.jar
2025-04-29 17:49:32,652 [Worker-25: Download sources and javadoc] INFO  o.e.m.j.internal.DownloadSourcesJob - Downloaded sources for org.springframework:spring-core:6.2.3
2025-04-29 17:49:32,821 [Worker-25: Download sources and javadoc] INFO  o.e.m.c.i.e.AbstractTransferListenerAdapter - Downloading https://repo.maven.apache.org/maven2/org/springframework/spring-jcl/6.2.3/spring-jcl-6.2.3-sources.jar
2025-04-29 17:49:32,835 [Worker-25: Download sources and javadoc] INFO  o.e.m.c.i.e.AbstractTransferListenerAdapter - Downloaded https://repo.maven.apache.org/maven2/org/springframework/spring-jcl/6.2.3/spring-jcl-6.2.3-sources.jar
2025-04-29 17:49:32,847 [Worker-25: Download sources and javadoc] INFO  o.e.m.j.internal.DownloadSourcesJob - Downloaded sources for org.springframework:spring-jcl:6.2.3
2025-04-29 17:49:33,036 [Worker-25: Download sources and javadoc] INFO  o.e.m.c.i.e.AbstractTransferListenerAdapter - Downloading https://repo.maven.apache.org/maven2/org/springframework/spring-expression/6.2.3/spring-expression-6.2.3-sources.jar
2025-04-29 17:49:33,168 [Worker-25: Download sources and javadoc] INFO  o.e.m.c.i.e.AbstractTransferListenerAdapter - Downloaded https://repo.maven.apache.org/maven2/org/springframework/spring-expression/6.2.3/spring-expression-6.2.3-sources.jar
2025-04-29 17:49:33,177 [Worker-25: Download sources and javadoc] INFO  o.e.m.j.internal.DownloadSourcesJob - Downloaded sources for org.springframework:spring-expression:6.2.3
2025-04-29 17:49:33,354 [Worker-31: Building] INFO  o.a.m.s.f.DefaultMavenResourcesFiltering - skip non existing resourceDirectory C:\SpringProg\MavenFirstProgram\src\main\resources
2025-04-29 17:49:33,361 [Worker-25: Download sources and javadoc] INFO  o.e.m.c.i.e.AbstractTransferListenerAdapter - Downloading https://repo.maven.apache.org/maven2/io/micrometer/micrometer-observation/1.14.4/micrometer-observation-1.14.4-sources.jar
2025-04-29 17:49:33,370 [Worker-31: Building] INFO  o.a.m.s.f.DefaultMavenResourcesFiltering - skip non existing resourceDirectory C:\SpringProg\MavenFirstProgram\src\test\resources
2025-04-29 17:49:33,439 [Worker-25: Download sources and javadoc] INFO  o.e.m.c.i.e.AbstractTransferListenerAdapter - Downloaded https://repo.maven.apache.org/maven2/io/micrometer/micrometer-observation/1.14.4/micrometer-observation-1.14.4-sources.jar
2025-04-29 17:49:33,449 [Worker-25: Download sources and javadoc] INFO  o.e.m.j.internal.DownloadSourcesJob - Downloaded sources for io.micrometer:micrometer-observation:1.14.4
2025-04-29 17:49:33,672 [Worker-25: Download sources and javadoc] INFO  o.e.m.c.i.e.AbstractTransferListenerAdapter - Downloading https://repo.maven.apache.org/maven2/io/micrometer/micrometer-commons/1.14.4/micrometer-commons-1.14.4-sources.jar
2025-04-29 17:49:33,703 [Worker-25: Download sources and javadoc] INFO  o.e.m.c.i.e.AbstractTransferListenerAdapter - Downloaded https://repo.maven.apache.org/maven2/io/micrometer/micrometer-commons/1.14.4/micrometer-commons-1.14.4-sources.jar
2025-04-29 17:49:33,713 [Worker-25: Download sources and javadoc] INFO  o.e.m.j.internal.DownloadSourcesJob - Downloaded sources for io.micrometer:micrometer-commons:1.14.4
2025-04-29 17:50:10,891 [Worker-30: Building] INFO  o.e.m.c.i.l.LifecycleMappingFactory - Using org.eclipse.m2e.jdt.JarLifecycleMapping lifecycle mapping for MavenProject: in.smartProgramming:MavenFirstProgram:0.0.1-SNAPSHOT @ C:\SpringProg\MavenFirstProgram\pom.xml.
2025-04-29 17:50:11,365 [Worker-30: Building] INFO  o.a.m.s.f.DefaultMavenResourcesFiltering - skip non existing resourceDirectory C:\SpringProg\MavenFirstProgram\src\main\resources
2025-04-29 17:50:11,376 [Worker-30: Building] INFO  o.a.m.s.f.DefaultMavenResourcesFiltering - skip non existing resourceDirectory C:\SpringProg\MavenFirstProgram\src\test\resources
2025-04-29 17:50:15,152 [Worker-30: Building] INFO  o.a.m.s.f.DefaultMavenResourcesFiltering - skip non existing resourceDirectory C:\SpringProg\MavenFirstProgram\src\main\resources
2025-04-29 17:50:15,158 [Worker-30: Building] INFO  o.a.m.s.f.DefaultMavenResourcesFiltering - skip non existing resourceDirectory C:\SpringProg\MavenFirstProgram\src\test\resources
2025-04-29 17:50:18,072 [Worker-15: Building] INFO  o.e.m.c.i.l.LifecycleMappingFactory - Using org.eclipse.m2e.jdt.JarLifecycleMapping lifecycle mapping for MavenProject: in.smartProgramming:MavenFirstProgram:0.0.1-SNAPSHOT @ C:\SpringProg\MavenFirstProgram\pom.xml.
2025-04-29 17:50:18,622 [Worker-15: Building] INFO  o.a.m.s.f.DefaultMavenResourcesFiltering - skip non existing resourceDirectory C:\SpringProg\MavenFirstProgram\src\main\resources
2025-04-29 17:50:18,642 [Worker-15: Building] INFO  o.a.m.s.f.DefaultMavenResourcesFiltering - skip non existing resourceDirectory C:\SpringProg\MavenFirstProgram\src\test\resources
2025-04-29 17:50:21,928 [Worker-25: Building] INFO  o.a.m.s.f.DefaultMavenResourcesFiltering - skip non existing resourceDirectory C:\SpringProg\MavenFirstProgram\src\main\resources
2025-04-29 17:50:21,942 [Worker-25: Building] INFO  o.a.m.s.f.DefaultMavenResourcesFiltering - skip non existing resourceDirectory C:\SpringProg\MavenFirstProgram\src\test\resources
2025-04-29 17:57:07,206 [Worker-15: Launching App] INFO  o.a.m.s.f.DefaultMavenResourcesFiltering - skip non existing resourceDirectory C:\SpringProg\MavenFirstProgram\src\main\resources
2025-04-29 17:57:07,213 [Worker-15: Launching App] INFO  o.a.m.s.f.DefaultMavenResourcesFiltering - skip non existing resourceDirectory C:\SpringProg\MavenFirstProgram\src\test\resources
2025-05-01 11:47:04,158 [Worker-4: Loading available Gradle versions] INFO  o.e.b.c.i.u.g.PublishedGradleVersions - Gradle version information cache is out-of-date. Trying to update.
2025-05-01 11:49:36,838 [Worker-10: Building] INFO  o.a.m.s.f.DefaultMavenResourcesFiltering - skip non existing resourceDirectory C:\SpringProg\MavenFirstProgram\src\main\resources
2025-05-01 11:49:36,859 [Worker-10: Building] INFO  o.a.m.s.f.DefaultMavenResourcesFiltering - skip non existing resourceDirectory C:\SpringProg\MavenFirstProgram\src\test\resources
2025-05-01 18:44:57,332 [Worker-5: Loading available Gradle versions] INFO  o.e.b.c.i.u.g.PublishedGradleVersions - Gradle version information cache is up-to-date. Trying to read.
2025-05-01 19:02:39,623 [Worker-16: Building] INFO  o.a.m.s.f.DefaultMavenResourcesFiltering - skip non existing resourceDirectory C:\SpringProg\MavenFirstProgram\src\main\resources
2025-05-01 19:02:39,636 [Worker-16: Building] INFO  o.a.m.s.f.DefaultMavenResourcesFiltering - skip non existing resourceDirectory C:\SpringProg\MavenFirstProgram\src\test\resources
2025-05-01 19:02:44,204 [Worker-18: Building] INFO  o.a.m.s.f.DefaultMavenResourcesFiltering - skip non existing resourceDirectory C:\SpringProg\MavenFirstProgram\src\main\resources
2025-05-01 19:02:44,538 [Worker-18: Building] INFO  o.a.m.s.f.DefaultMavenResourcesFiltering - skip non existing resourceDirectory C:\SpringProg\MavenFirstProgram\src\test\resources
2025-05-01 19:13:15,913 [Worker-0: Loading available Gradle versions] INFO  o.e.b.c.i.u.g.PublishedGradleVersions - Gradle version information cache is up-to-date. Trying to read.
2025-05-01 19:55:12,242 [Worker-3: Loading available Gradle versions] INFO  o.e.b.c.i.u.g.PublishedGradleVersions - Gradle version information cache is up-to-date. Trying to read.
2025-05-01 20:29:43,513 [Worker-2: Loading available Gradle versions] INFO  o.e.b.c.i.u.g.PublishedGradleVersions - Gradle version information cache is up-to-date. Trying to read.
2025-05-01 21:02:41,021 [Worker-0: Loading available Gradle versions] INFO  o.e.b.c.i.u.g.PublishedGradleVersions - Gradle version information cache is up-to-date. Trying to read.
2025-05-01 22:35:23,566 [Worker-2: Loading available Gradle versions] INFO  o.e.b.c.i.u.g.PublishedGradleVersions - Gradle version information cache is up-to-date. Trying to read.
2025-05-03 10:48:59,341 [Worker-1: Loading available Gradle versions] INFO  o.e.b.c.i.u.g.PublishedGradleVersions - Gradle version information cache is out-of-date. Trying to update.
2025-05-03 10:49:15,427 [Worker-7: Building] INFO  o.a.m.s.f.DefaultMavenResourcesFiltering - skip non existing resourceDirectory C:\SpringProg\MavenFirstProgram\src\main\resources
2025-05-03 10:49:15,443 [Worker-7: Building] INFO  o.a.m.s.f.DefaultMavenResourcesFiltering - skip non existing resourceDirectory C:\SpringProg\MavenFirstProgram\src\test\resources
2025-05-03 11:59:03,923 [Worker-1: Loading available Gradle versions] INFO  o.e.b.c.i.u.g.PublishedGradleVersions - Gradle version information cache is up-to-date. Trying to read.
2025-05-04 12:00:54,131 [Worker-6: Loading available Gradle versions] INFO  o.e.b.c.i.u.g.PublishedGradleVersions - Gradle version information cache is out-of-date. Trying to update.
2025-05-05 10:47:24,214 [Worker-1: Loading available Gradle versions] INFO  o.e.b.c.i.u.g.PublishedGradleVersions - Gradle version information cache is up-to-date. Trying to read.
2025-05-07 11:23:08,874 [Worker-5: Loading available Gradle versions] INFO  o.e.b.c.i.u.g.PublishedGradleVersions - Gradle version information cache is out-of-date. Trying to update.
2025-05-07 15:36:31,254 [Worker-3: Loading available Gradle versions] INFO  o.e.b.c.i.u.g.PublishedGradleVersions - Gradle version information cache is up-to-date. Trying to read.
2025-05-07 17:00:58,875 [Worker-27: https://www.codetogether.com/updates/ci/compositeContent.jar] WARN  o.a.h.c.h.p.ResponseProcessCookies - ex-0000000256 Cookie rejected [_cfuvid="8vfGZ3fhj6.SYp1oNwLEY45yCIMLj7NT7nhRUcavXnk-1746617458763-0.0.1.1-604800000", domain:cdn.webflow.com, path:/, expiry:null] Illegal 'domain' attribute "cdn.webflow.com". Domain of origin: "www.codetogether.com"
2025-05-07 17:01:00,092 [Worker-28: https://www.codetogether.com/updates/ci/compositeContent.jar] WARN  o.a.h.c.h.p.ResponseProcessCookies - ex-0000000257 Cookie rejected [_cfuvid="Vg1x9gLQxjh2fcIUFUMtq4Eqhz3_.9kd.asjD8Zz9NM-1746617459981-0.0.1.1-604800000", domain:cdn.webflow.com, path:/, expiry:null] Illegal 'domain' attribute "cdn.webflow.com". Domain of origin: "www.codetogether.com"
2025-05-07 17:13:17,155 [Worker-26: https://www.codetogether.com/updates/ci/compositeArtifacts.jar] WARN  o.a.h.c.h.p.ResponseProcessCookies - ex-0000000752 Cookie rejected [_cfuvid="7d4W7xGxRaETglG0v_ZMagESoE9ARina_gW2_3yaRtE-1746618197061-0.0.1.1-604800000", domain:cdn.webflow.com, path:/, expiry:null] Illegal 'domain' attribute "cdn.webflow.com". Domain of origin: "www.codetogether.com"
2025-05-07 17:13:18,586 [Worker-28: https://www.codetogether.com/updates/ci/compositeArtifacts.jar] WARN  o.a.h.c.h.p.ResponseProcessCookies - ex-0000000753 Cookie rejected [_cfuvid="9.omW55G.2OW9ul6GO3thOeOrAgvR6Pm8.G2SlewZoI-1746618198499-0.0.1.1-604800000", domain:cdn.webflow.com, path:/, expiry:null] Illegal 'domain' attribute "cdn.webflow.com". Domain of origin: "www.codetogether.com"
2025-05-07 18:07:20,721 [Worker-0: Loading available Gradle versions] INFO  o.e.b.c.i.u.g.PublishedGradleVersions - Gradle version information cache is up-to-date. Trying to read.
2025-05-08 11:00:43,967 [Worker-2: Loading available Gradle versions] INFO  o.e.b.c.i.u.g.PublishedGradleVersions - Gradle version information cache is up-to-date. Trying to read.
2025-05-09 09:25:38,311 [Worker-6: Loading available Gradle versions] INFO  o.e.b.c.i.u.g.PublishedGradleVersions - Gradle version information cache is out-of-date. Trying to update.
2025-05-10 15:03:02,347 [Worker-5: Loading available Gradle versions] INFO  o.e.b.c.i.u.g.PublishedGradleVersions - Gradle version information cache is up-to-date. Trying to read.
